<?xml version="1.0" encoding="UTF-8"?>
<!-- Generated by org.testng.reporters.JUnitReportReporter -->
<testsuite hostname="AGI-LT-1046" failures="0" tests="1" name="org.automationtest.blazedemo.blazedemo" time="40.121" errors="0" timestamp="2021-10-06T19:16:18 IST" skipped="0">
  <testcase classname="org.automationtest.blazedemo.blazedemo" name="BrowserCall" time="40.121"/>
  <system-out/>
</testsuite> <!-- org.automationtest.blazedemo.blazedemo -->
