<?xml version="1.0" encoding="UTF-8"?>
<!-- Generated by org.testng.reporters.JUnitReportReporter -->
<testsuite hostname="AGI-LT-1046" failures="0" tests="1" name="org.automationtest.blazedemo.Test01" time="39.456" errors="0" timestamp="2021-10-08T12:39:08 IST" skipped="0">
  <testcase classname="org.automationtest.blazedemo.Test01" name="TS001" time="39.456"/>
  <system-out/>
</testsuite> <!-- org.automationtest.blazedemo.Test01 -->
